<?xml version="1.0" encoding="UTF-8"?>
<!-- Generated by org.testng.reporters.JUnitReportReporter -->
<testsuite hostname="B4PRKP2" failures="0" tests="1" name="com.rest.api.authentications.AuthApis" time="4.636" errors="0" timestamp="2023-04-14T22:54:33 IST" skipped="0">
  <testcase classname="com.rest.api.authentications.AuthApis" name="OAuth2_API_Test" time="4.636"/>
  <system-out/>
</testsuite> <!-- com.rest.api.authentications.AuthApis -->
