<?xml version="1.0" encoding="UTF-8"?>
<!-- Generated by org.testng.reporters.JUnitReportReporter -->
<testsuite hostname="B4PRKP2" failures="0" tests="1" name="com.rest.api.post.POST_BDD_API" time="5.536" errors="0" timestamp="2023-04-15T13:31:48 IST" skipped="0">
  <testcase classname="com.rest.api.post.POST_BDD_API" name="tokenPOST_BDD_API_FILE_TEST" time="5.536"/>
  <system-out/>
</testsuite> <!-- com.rest.api.post.POST_BDD_API -->
