<?xml version="1.0" encoding="UTF-8"?>
<!-- Generated by org.testng.reporters.JUnitReportReporter -->
<testsuite hostname="B4PRKP2" failures="0" tests="1" name="com.rest.api.post.POST_API_WITH_POJO" time="4.521" errors="0" timestamp="2023-04-16T18:54:22 IST" skipped="0">
  <testcase classname="com.rest.api.post.POST_API_WITH_POJO" name="create_User_POJO_Test" time="4.521"/>
  <system-out/>
</testsuite> <!-- com.rest.api.post.POST_API_WITH_POJO -->
