<?xml version="1.0" encoding="UTF-8"?>
<!-- Generated by org.testng.reporters.JUnitReportReporter -->
<testsuite hostname="B4PRKP2" failures="0" tests="1" name="com.rest.api.post.Serialization_Deserialization" time="0.543" errors="0" timestamp="2023-05-14T12:31:55 IST" skipped="0">
  <testcase classname="com.rest.api.post.Serialization_Deserialization" name="JSON_to_POJO" time="0.543"/>
  <system-out/>
</testsuite> <!-- com.rest.api.post.Serialization_Deserialization -->
