<?xml version="1.0" encoding="UTF-8"?>
<!-- Generated by org.testng.reporters.JUnitReportReporter -->
<testsuite hostname="B4PRKP2" failures="0" tests="1" name="com.rest.api.put.PUT_API_TEST" time="0.533" errors="0" timestamp="2023-04-17T00:06:43 IST" skipped="0">
  <testcase classname="com.rest.api.put.PUT_API_TEST" name="Update_User_PUT_API_Test" time="0.533"/>
  <system-out/>
</testsuite> <!-- com.rest.api.put.PUT_API_TEST -->
