<?xml version="1.0" encoding="UTF-8"?>
<!-- Generated by org.testng.reporters.JUnitReportReporter -->
<testsuite hostname="B4PRKP2" failures="0" tests="8" name="com.rest.api.get.GET_BDD_API" time="11.644" errors="0" timestamp="2023-04-14T17:33:02 IST" skipped="0">
  <testcase classname="com.rest.api.get.GET_BDD_API" name="getAPI_Circuit_Test_1" time="7.131"/>
  <system-out/>
  <testcase classname="com.rest.api.get.GET_BDD_API" name="getAPI_Circuit_Test_2" time="0.431"/>
  <system-out/>
  <testcase classname="com.rest.api.get.GET_BDD_API" name="getAPI_Circuit_Test_3" time="0.453"/>
  <system-out/>
  <testcase classname="com.rest.api.get.GET_BDD_API" name="nameofCircuitsYearTest" time="0.765"/>
  <system-out/>
  <testcase classname="com.rest.api.get.GET_BDD_API" name="getJson_API_Verify_MD5Value" time="0.448"/>
  <system-out/>
  <testcase classname="com.rest.api.get.GET_BDD_API" name="nameofCircuitsYearTest" time="0.584"/>
  <system-out/>
  <testcase classname="com.rest.api.get.GET_BDD_API" name="nameofCircuitsYearTest" time="0.547"/>
  <system-out/>
  <testcase classname="com.rest.api.get.GET_BDD_API" name="nameofCircuitsYearTest" time="1.285"/>
  <system-out/>
</testsuite> <!-- com.rest.api.get.GET_BDD_API -->
