<?xml version="1.0" encoding="UTF-8"?>
<!-- Generated by org.testng.reporters.JUnitReportReporter -->
<testsuite hostname="B4PRKP2" failures="0" tests="1" name="com.rest.api.get.Response_SpecBuilder_Test" time="4.442" errors="0" timestamp="2023-04-15T12:10:49 IST" skipped="0">
  <testcase classname="com.rest.api.get.Response_SpecBuilder_Test" name="ResponseSpecTest" time="4.442"/>
  <system-out/>
</testsuite> <!-- com.rest.api.get.Response_SpecBuilder_Test -->
