<?xml version="1.0" encoding="UTF-8"?>
<!-- Generated by org.testng.reporters.JUnitReportReporter -->
<testsuite hostname="B4PRKP2" failures="0" tests="1" name="com.rest.api.authentications.OAuth_2" time="4.491" errors="0" timestamp="2023-04-14T22:48:39 IST" skipped="0">
  <testcase classname="com.rest.api.authentications.OAuth_2" name="check_Oauth_2_APITest" time="4.491"/>
  <system-out/>
</testsuite> <!-- com.rest.api.authentications.OAuth_2 -->
