<?xml version="1.0" encoding="UTF-8"?>
<!-- Generated by org.testng.reporters.JUnitReportReporter -->
<testsuite hostname="B4PRKP2" failures="0" tests="1" name="com.rest.api.delete.delete_APIs" time="5.533" errors="0" timestamp="2023-04-17T01:47:46 IST" skipped="0">
  <testcase classname="com.rest.api.delete.delete_APIs" name="delete_user_APIs" time="5.533"/>
  <system-out/>
</testsuite> <!-- com.rest.api.delete.delete_APIs -->
